<?xml version="1.0" encoding="UTF-8"?>
<testsuite name="com.telran.selenium.EbaySignin" tests="1" skipped="0" failures="0" errors="0" timestamp="2019-08-22T17:42:43" hostname="LAPTOP-QSAH0PNH" time="74.613">
  <properties/>
  <testcase name="loginTest" classname="com.telran.selenium.EbaySignin" time="74.613"/>
  <system-out><![CDATA[]]></system-out>
  <system-err><![CDATA[Starting ChromeDriver 76.0.3809.68 (420c9498db8ce8fcd190a954d51297672c1515d5-refs/branch-heads/3809@{#864}) on port 31357
Only local connections are allowed.
Please protect ports used by ChromeDriver and related test frameworks to prevent access by malicious code.
[1566495746.177][WARNING]: Timed out connecting to Chrome, retrying...
авг 22, 2019 8:42:41 PM org.openqa.selenium.remote.ProtocolHandshake createSession
INFO: Detected dialect: W3C
]]></system-err>
</testsuite>
