<?xml version="1.0" encoding="UTF-8"?>
<testsuite name="com.telran.selenium.EbaySignin" tests="1" skipped="0" failures="0" errors="0" timestamp="2019-08-26T16:19:52" hostname="LAPTOP-QSAH0PNH" time="112.402">
  <properties/>
  <testcase name="loginTest" classname="com.telran.selenium.EbaySignin" time="112.402"/>
  <system-out><![CDATA[]]></system-out>
  <system-err><![CDATA[Starting ChromeDriver 76.0.3809.68 (420c9498db8ce8fcd190a954d51297672c1515d5-refs/branch-heads/3809@{#864}) on port 31148
Only local connections are allowed.
Please protect ports used by ChromeDriver and related test frameworks to prevent access by malicious code.
авг 26, 2019 7:19:52 PM org.openqa.selenium.remote.ProtocolHandshake createSession
INFO: Detected dialect: W3C
]]></system-err>
</testsuite>
