<?xml version="1.0" encoding="UTF-8"?>
<testsuite name="telran.hw.lesson04.WikiLoginTest" tests="1" skipped="0" failures="0" errors="0" timestamp="2019-08-26T14:52:30" hostname="LAPTOP-QSAH0PNH" time="17.065">
  <properties/>
  <testcase name="wikiLogin" classname="telran.hw.lesson04.WikiLoginTest" time="17.065"/>
  <system-out><![CDATA[]]></system-out>
  <system-err><![CDATA[Starting ChromeDriver 76.0.3809.68 (420c9498db8ce8fcd190a954d51297672c1515d5-refs/branch-heads/3809@{#864}) on port 17630
Only local connections are allowed.
Please protect ports used by ChromeDriver and related test frameworks to prevent access by malicious code.
авг 26, 2019 5:52:24 PM org.openqa.selenium.remote.ProtocolHandshake createSession
INFO: Detected dialect: W3C
]]></system-err>
</testsuite>
