<?xml version="1.0" encoding="UTF-8"?>
<testsuite name="test.WikiSearchTest" tests="1" skipped="0" failures="0" errors="0" timestamp="2019-10-05T13:12:21" hostname="LAPTOP-QSAH0PNH" time="18.087">
  <properties/>
  <testcase name="wikiSearchTest" classname="test.WikiSearchTest" time="18.087"/>
  <system-out><![CDATA[]]></system-out>
  <system-err><![CDATA[]]></system-err>
</testsuite>
