<?xml version="1.0" encoding="UTF-8"?>
<testsuite name="telran.hw.lesson04.WikiLoginTest" tests="1" skipped="0" failures="0" errors="0" timestamp="2019-09-15T17:05:47" hostname="LAPTOP-QSAH0PNH" time="13.303">
  <properties/>
  <testcase name="LodInTest" classname="telran.hw.lesson04.WikiLoginTest" time="13.303"/>
  <system-out><![CDATA[]]></system-out>
  <system-err><![CDATA[]]></system-err>
</testsuite>
